set ucliGUI::state
set ucliGUI::state
ucliCore::getToolPID
synopsys::env hasTB
trigger_hier_stack_context_switch 0
synUtils::setDVEInitPhase 1
synopsys::dump -type VPD -file /home/Shrivastava012/Downloads/final/source/inter.vpd -locking
synopsys::dump -autoflush on -fid VPD0
set ::dve_fid VPD0
synUtils::setDVEInitPhase 0
ucliCore::getToolPID
synUtils::sendTool -active _icl_setToolSocket /tmp/smlnpht9Ynn
synUtils::sendTool -active {_icl_start_rpc -version "S-2021.09-SP2-4_Full64" -sync_file /tmp/vcs_dve_rpc.Shrivastava012.17843}
synUtils::sendTool -active {_icl_createSharedMemory /tmp/vcs_dve_general.Shrivastava012.17843}
config endofsim noexit
config onfail enable all
config syscaddplainmembers
config syscaddsourcenames
config syscaddstructtypes
synopsys::listing -disable
tcl_source /home/vlsi/SynopsysTools/vcs/S-2021.09-SP2-4/gui/dve/auxx/gui/dve/schematic.tcl
tcl_source /home/vlsi/SynopsysTools/vcs/S-2021.09-SP2-4/gui/dve/auxx/gui/common/schematic/base.tcl
tcl_source /home/vlsi/SynopsysTools/vcs/S-2021.09-SP2-4/gui/dve/auxx/gui/common/schematic/enable.tcl
tcl_source /home/vlsi/SynopsysTools/vcs/S-2021.09-SP2-4/gui/dve/auxx/gui/common/schematic/netlist.tcl
tcl_source /home/vlsi/SynopsysTools/vcs/S-2021.09-SP2-4/gui/dve/auxx/gui/common/schematic/method.tcl
tcl_source /home/vlsi/SynopsysTools/vcs/S-2021.09-SP2-4/gui/dve/auxx/gui/common/strokes/stroke_defaults.tcl
tcl_source /home/vlsi/SynopsysTools/vcs/S-2021.09-SP2-4/gui/dve/auxx/gui/common/dialogs/ObjectListInfo.tcl
tcl_source /home/vlsi/SynopsysTools/vcs/S-2021.09-SP2-4/gui/dve/auxx/gui/common/schematic/DialogPathSchematicFanInOut.tcl
tcl_source /home/vlsi/SynopsysTools/vcs/S-2021.09-SP2-4/gui/dve/auxx/gui/dve/driversloads.tcl
synopsys::dump -add {ParkingSystemFSM_tb} -scope "." -depth 1 -fid VPD0
synopsys::run
set ucliGUI::state
set ucliGUI::state
set ucliGUI::state
set ucliGUI::state
