14:15:56    16 -->                                                             [tcl] ucliGUI::connect -toolargs -ucligui -toolexe ./simv -pid 17843 -toolin /tmp/vcs_20241208084552_17842_Shrivastava012..stdin -toolout /tmp/vcs_20241208084552_17842_Shrivastava012..stdout  
14:15:56    17 -->                                                                 [tcl] set ucliGUI::state
14:15:56    18 -->                                                                     [tcl] gui_update_simulator_buttons
14:15:57    19 -->                                                                         [tcl] set ucliGUI::state
14:15:57    20 -->                                                                             [tcl] ucliCore::getToolPID
14:15:57    21 -->                                                                                 [tcl] synopsys::env hasTB
14:15:57    22 -->                                                                                     [tcl] trigger_hier_stack_context_switch 0
14:15:57    23 -->                                                                                         [tcl] synUtils::setDVEInitPhase 1
14:15:57    24 -->                                                                                             [tcl] gui_get_env SIMSETUP::SIMVPD
14:15:57    25 --> ...  [tcl] synopsys::dump -type VPD -file /home/Shrivastava012/Downloads/final/source/inter.vpd -locking
14:15:57    26 --> ...      [tcl] synopsys::dump -autoflush on -fid VPD0
14:15:57    27 --> ...          [tcl] set ::dve_fid VPD0
14:15:57    28 --> ...              [tcl] synUtils::setDVEInitPhase 0
14:15:57    29 --> ...                  [tcl] ucliCore::getToolPID
14:15:57    30 --> ...                      [tcl] synUtils::sendTool -active _icl_setToolSocket /tmp/smlnpht9Ynn
14:15:57    31 --> ...                          [tcl] synUtils::sendTool -active {_icl_start_rpc -version "S-2021.09-SP2-4_Full64" -sync_file /tmp/vcs_dve_rpc.Shrivastava012.17843}
14:15:57    32 --> ...                              [tcl] synUtils::sendTool -active {_icl_createSharedMemory /tmp/vcs_dve_general.Shrivastava012.17843}
14:15:57    33 --> ...                                  [tcl] dveMisc::vbusExpand ParkingSystemFSM_tb
14:15:57    34 --> ...                                      [tcl] config endofsim noexit
14:15:57    35 --> ...                                          [tcl] config onfail enable all
14:15:57    36 --> ...                                              [tcl] config syscaddplainmembers
14:15:57    37 --> ...                                                  [tcl] config syscaddsourcenames
14:15:57    38 --> ...                                                      [tcl] config syscaddstructtypes
14:15:57    39 --> ...                                                          [tcl] synopsys::listing -disable
14:16:05    40 --> ...                                                              [tcl] tcl_source /home/vlsi/SynopsysTools/vcs/S-2021.09-SP2-4/gui/dve/auxx/gui/dve/schematic.tcl
14:16:05    41 --> ...                                                                  [tcl] tcl_source /home/vlsi/SynopsysTools/vcs/S-2021.09-SP2-4/gui/dve/auxx/gui/common/schematic/base.tcl
14:16:05    42 --> ...                                                                      [tcl] tcl_source /home/vlsi/SynopsysTools/vcs/S-2021.09-SP2-4/gui/dve/auxx/gui/common/schematic/enable.tcl
14:16:05    43 --> ...                                                                          [tcl] tcl_source /home/vlsi/SynopsysTools/vcs/S-2021.09-SP2-4/gui/dve/auxx/gui/common/schematic/netlist.tcl
14:16:05    44 --> ...                                                                              [tcl] tcl_source /home/vlsi/SynopsysTools/vcs/S-2021.09-SP2-4/gui/dve/auxx/gui/common/schematic/method.tcl
14:16:05    45 --> ...                                                                                  [tcl] tcl_source /home/vlsi/SynopsysTools/vcs/S-2021.09-SP2-4/gui/dve/auxx/gui/common/strokes/stroke_defaults.tcl
14:16:05    46 --> ...                                                                                      [tcl] tcl_source /home/vlsi/SynopsysTools/vcs/S-2021.09-SP2-4/gui/dve/auxx/gui/common/dialogs/ObjectListInfo.tcl
14:16:05    47 --> ...                                                                                          [tcl] tcl_source /home/vlsi/SynopsysTools/vcs/S-2021.09-SP2-4/gui/dve/auxx/gui/common/schematic/DialogPathSchematicFanInOut.tcl
14:16:05    48 --> ...                                                                                              [tcl] tcl_source /home/vlsi/SynopsysTools/vcs/S-2021.09-SP2-4/gui/dve/auxx/gui/dve/driversloads.tcl
14:17:21    49 --> ...                                                                                                  [tcl] synopsys::dump -add {ParkingSystemFSM_tb} -scope "." -depth 1 -fid VPD0
14:17:23    50 --> ...  [tcl] synopsys::run
14:17:23    51 --> ...      [tcl] set ucliGUI::state
14:17:23    52 --> ...          [tcl] gui_update_simulator_buttons
14:17:23    53 --> ...              [tcl] set ucliGUI::state
14:17:23    54 --> ...                  [tcl] set ucliGUI::state
14:17:23    55 --> ...                      [tcl] set ucliGUI::state
14:17:23    56 --> ...                          [tcl] catch {senv activeDomain} dveMisc::result 
14:17:23    57 --> ...                              [tcl] set dveMisc::result
14:17:23    58 --> ...                                  [tcl] gui_update_simulator_buttons
