# Preference setting overrides
gui_create_pref_key -category {Globals} -key {load_detail_for_funcov} -value_type {bool} -value {false}
gui_create_pref_category -category {schem_obj_name}
gui_create_pref_key -category {schem_obj_name} -key {show_cell_and_pin_with_symbol_name} -value_type {bool} -value {false}
gui_create_pref_key -category {schem_pin_hc} -key {textExtFont} -value_type {string} -value {Helvetica,10,-1,5,50,0,0,0,0,0}

# State setting overrides
gui_state_default_create -off -ini
gui_set_state_value -category Layout -key child_console_size_x -value 1919
gui_set_state_value -category Layout -key child_console_size_y -value 143
gui_set_state_value -category Layout -key child_data_size_x -value 138
gui_set_state_value -category Layout -key child_data_size_y -value 726
gui_set_state_value -category Layout -key child_driver_size_x -value 1623
gui_set_state_value -category Layout -key child_driver_size_y -value 179
gui_set_state_value -category Layout -key child_hier_col3 -value {-1}
gui_set_state_value -category Layout -key child_hier_colpd -value 0
gui_set_state_value -category Layout -key child_hier_size_x -value 138
gui_set_state_value -category Layout -key child_hier_size_y -value 726
gui_set_state_value -category Layout -key child_schematic_docknewline -value false
gui_set_state_value -category Layout -key child_schematic_pos_x -value {-2}
gui_set_state_value -category Layout -key child_schematic_pos_y -value {-15}
gui_set_state_value -category Layout -key child_schematic_size_x -value 1646
gui_set_state_value -category Layout -key child_schematic_size_y -value 721
gui_set_state_value -category Layout -key child_source_docknewline -value false
gui_set_state_value -category Layout -key child_source_pos_x -value {-2}
gui_set_state_value -category Layout -key child_source_pos_y -value {-15}
gui_set_state_value -category Layout -key child_source_size_x -value 1646
gui_set_state_value -category Layout -key child_source_size_y -value 721
gui_set_state_value -category Layout -key child_wave_colname -value 276
gui_set_state_value -category Layout -key child_wave_colvalue -value 276
gui_set_state_value -category Layout -key child_wave_left -value 557
gui_set_state_value -category Layout -key child_wave_right -value 1357
gui_set_state_value -category Layout -key main_pos_x -value 1
gui_set_state_value -category Layout -key main_pos_y -value 38
gui_set_state_value -category Layout -key main_size_x -value 1920
gui_set_state_value -category Layout -key main_size_y -value 1014
gui_set_state_value -category Layout -key stand_wave_child_docknewline -value false
gui_set_state_value -category Layout -key stand_wave_child_pos_x -value {-2}
gui_set_state_value -category Layout -key stand_wave_child_pos_y -value {-15}
gui_set_state_value -category Layout -key stand_wave_child_size_x -value 1924
gui_set_state_value -category Layout -key stand_wave_child_size_y -value 864
gui_set_state_value -category Layout -key stand_wave_top_pos_x -value 21
gui_set_state_value -category Layout -key stand_wave_top_pos_y -value 66
gui_set_state_value -category Layout -key stand_wave_top_size_x -value 1940
gui_set_state_value -category Layout -key stand_wave_top_size_y -value 1042
gui_create_state_key -category FindDialog -key m_pMatchCase -value_type bool -value false
gui_create_state_key -category FindDialog -key m_pMatchWord -value_type bool -value false
gui_create_state_key -category FindDialog -key m_pUseCombo -value_type string -value {}
gui_create_state_key -category FindDialog -key m_pWrapAround -value_type bool -value true
gui_state_default_create -off

# Begin command logging
gui_sim_run Ucli -exe ./simv -args {-ucligui  } -dir .
gui_use_schematics 
gui_sch_show -name ParkingSystemFSM_tb
gui_zoom -window Schematic.1 -rect { {-16178 -4080} {26177 14106} }
gui_zoom -window Schematic.1 -rect { {-18511 -26664} {53323 4180} }
gui_zoom -window Schematic.1 -rect { {-18511 -26664} {53323 4180} }
gui_zoom -window Schematic.1 -rect { {-18511 -26664} {53323 4180} }
gui_schematic_select -id Schematic.1 -type {cell} -parent {ParkingSystemFSM_tb} {ParkingSystemFSM_tb.uut}
gui_sch_viewport_backup -id Schematic.1 -type save
gui_sch_show -window Schematic.1 -name ParkingSystemFSM_tb.uut
gui_zoom -window Schematic.1 -rect { {-31922 -47878} {89617 4309} }
gui_zoom -window Schematic.1 -rect { {-31922 -47878} {89617 4309} }
gui_sch_viewport_backup -id Schematic.1 -type restore -action in -pins {} -slct_targets global
gui_schematic_clear_selection -id Schematic.1
gui_open_window Wave
gui_list_add -id Wave.1 -from Hier.1 { ParkingSystemFSM_tb } -insertionbar
gui_sim_continue  
gui_wv_zoom_timerange -id  Wave.1 0 500
gui_list_select -id Wave.1 -selected  { ParkingSystemFSM_tb.clk   }
gui_list_move  -id  Wave.1    -sid  Wave.1   -after ParkingSystemFSM_tb {{ParkingSystemFSM_tb.clk}}
gui_list_select -id Wave.1 -selected  { ParkingSystemFSM_tb.rstn   }
gui_list_move  -id  Wave.1    -sid  Wave.1   -after ParkingSystemFSM_tb.clk {{ParkingSystemFSM_tb.rstn}} 
gui_list_select -id Wave.1 -selected  { {ParkingSystemFSM_tb.state[2:0]}   }
gui_list_move  -id  Wave.1    -sid  Wave.1   -after ParkingSystemFSM_tb.rstn {{ParkingSystemFSM_tb.state[2:0]}} 
gui_list_select -id Wave.1 -selected  { ParkingSystemFSM_tb.vehicle_at_entry   }
gui_list_move  -id  Wave.1    -sid  Wave.1   -after {ParkingSystemFSM_tb.state[2:0]} {{ParkingSystemFSM_tb.vehicle_at_entry}} 
gui_list_select -id Wave.1 -selected  { ParkingSystemFSM_tb.entry_gate   }
gui_list_move  -id  Wave.1    -sid  Wave.1   -after ParkingSystemFSM_tb.vehicle_at_entry {{ParkingSystemFSM_tb.entry_gate}} 
gui_list_select -id Wave.1 -selected  { ParkingSystemFSM_tb.entry_led   }
gui_list_move  -id  Wave.1    -sid  Wave.1   -after ParkingSystemFSM_tb.entry_gate {{ParkingSystemFSM_tb.entry_led}} 
gui_list_select -id Wave.1 -selected  { ParkingSystemFSM_tb.vehicle_at_exit   }
gui_list_move  -id  Wave.1    -sid  Wave.1   -after ParkingSystemFSM_tb.entry_led {{ParkingSystemFSM_tb.vehicle_at_exit}} 
gui_list_select -id Wave.1 -selected  { ParkingSystemFSM_tb.exit_gate   }
gui_list_move  -id  Wave.1    -sid  Wave.1   -after ParkingSystemFSM_tb.vehicle_at_exit {{ParkingSystemFSM_tb.exit_gate}} 
gui_list_select -id Wave.1 -selected  { ParkingSystemFSM_tb.correct_password   }
gui_list_move  -id  Wave.1    -sid  Wave.1   -after ParkingSystemFSM_tb.vehicle_at_entry {{ParkingSystemFSM_tb.correct_password}} 
gui_list_select -id Wave.1 -selected  { {ParkingSystemFSM_tb.vehicle_count[7:0]}   }
gui_list_move  -id  Wave.1    -sid  Wave.1   -after ParkingSystemFSM_tb.entry_led {{ParkingSystemFSM_tb.vehicle_count[7:0]}} 
gui_list_select -id Wave.1 -selected  { {ParkingSystemFSM_tb.seg_display[6:0]}   }
gui_list_move  -id  Wave.1    -sid  Wave.1   -after ParkingSystemFSM_tb.exit_led {{ParkingSystemFSM_tb.seg_display[6:0]}} 
gui_list_select -id Wave.1 -selected  {  }
gui_zoom -window Wave.1 -full
